<?xml version="1.0" encoding="UTF-8"?>
<testsuite xmlns:xsi="http://www.w3.org/2001/XMLSchema-instance" xsi:noNamespaceSchemaLocation="https://maven.apache.org/surefire/maven-surefire-plugin/xsd/surefire-test-report.xsd" name="com.uteachon.demos.hibernate.AppTest" time="4.723" tests="4" errors="0" skipped="2" failures="0">
  <properties>
[...]
</properties>
  <testcase name="deleteStockInventoryAll" classname="com.uteachon.demos.hibernate.AppTest" time="0">
    <skipped message="public void com.uteachon.demos.hibernate.AppTest.deleteStockInventoryAll() is @Disabled"/>
    <system-err><![CDATA[Oct. 16, 2020 2:17:31 P.M. org.hibernate.Version logVersion
INFO: HHH000412: Hibernate Core {5.4.2.Final}
Oct. 16, 2020 2:17:32 P.M. org.hibernate.annotations.common.reflection.java.JavaReflectionManager <clinit>
INFO: HCANN000001: Hibernate Commons Annotations {5.1.0.Final}
Oct. 16, 2020 2:17:34 P.M. org.hibernate.dialect.Dialect <init>
INFO: HHH000400: Using dialect: org.hibernate.dialect.MySQLDialect
Oct. 16, 2020 2:17:35 P.M. org.hibernate.engine.transaction.jta.platform.internal.JtaPlatformInitiator initiateService
INFO: HHH000490: Using JtaPlatform implementation: [org.hibernate.engine.transaction.jta.platform.internal.NoJtaPlatform]
]]></system-err>
  </testcase>
  <testcase name="deleteStockInventoryById" classname="com.uteachon.demos.hibernate.AppTest" time="0">
    <skipped message="public void com.uteachon.demos.hibernate.AppTest.deleteStockInventoryById() is @Disabled"/>
  </testcase>
  <testcase name="saveStockInventory" classname="com.uteachon.demos.hibernate.AppTest" time="0.58"/>
  <testcase name="distributorCountOfInventoryReport" classname="com.uteachon.demos.hibernate.AppTest" time="0.114"/>
</testsuite>